<?xml version="1.0" encoding="UTF-8"?>
<testng-results skipped="0" failed="0" ignored="0" total="1" passed="1">
  <reporter-output>
  </reporter-output>
  <suite name="Default suite" duration-ms="8400" started-at="2023-01-03T16:54:28 IST" finished-at="2023-01-03T16:54:36 IST">
    <groups>
    </groups>
    <test name="Default test" duration-ms="8400" started-at="2023-01-03T16:54:28 IST" finished-at="2023-01-03T16:54:36 IST">
      <class name="Automation.Test.RegisterTest">
        <test-method status="PASS" signature="dataRegister()[pri:0, instance:Automation.Test.RegisterTest@436e852b]" name="dataRegister" is-config="true" duration-ms="8301" started-at="2023-01-03T16:54:19 IST" finished-at="2023-01-03T16:54:28 IST">
          <reporter-output>
          </reporter-output>
        </test-method> <!-- dataRegister -->
        <test-method status="PASS" signature="registerdata(java.lang.String,java.lang.String,java.lang.String,java.lang.String,java.lang.String,java.lang.String,java.lang.String,java.lang.String,java.lang.String,java.lang.String)[pri:0, instance:Automation.Test.RegisterTest@436e852b]" name="registerdata" duration-ms="6879" started-at="2023-01-03T16:54:29 IST" data-provider="getData" finished-at="2023-01-03T16:54:36 IST">
          <params>
            <param index="0">
              <value>
                <![CDATA[Rohini]]>
              </value>
            </param>
            <param index="1">
              <value>
                <![CDATA[Khaire]]>
              </value>
            </param>
            <param index="2">
              <value>
                <![CDATA[pune]]>
              </value>
            </param>
            <param index="3">
              <value>
                <![CDATA[rohinikhaire977@gmail.com]]>
              </value>
            </param>
            <param index="4">
              <value>
                <![CDATA[9878456987]]>
              </value>
            </param>
            <param index="5">
              <value>
                <![CDATA[English]]>
              </value>
            </param>
            <param index="6">
              <value>
                <![CDATA[CSS]]>
              </value>
            </param>
            <param index="7">
              <value>
                <![CDATA[India]]>
              </value>
            </param>
            <param index="8">
              <value>
                <![CDATA[ruhi@123]]>
              </value>
            </param>
            <param index="9">
              <value>
                <![CDATA[ruhi@123]]>
              </value>
            </param>
          </params>
          <reporter-output>
          </reporter-output>
        </test-method> <!-- registerdata -->
      </class> <!-- Automation.Test.RegisterTest -->
    </test> <!-- Default test -->
  </suite> <!-- Default suite -->
</testng-results>
